<?xml version="1.0" encoding="UTF-8"?>
<testng-results skipped="0" failed="0" ignored="0" total="1" passed="1">
  <reporter-output>
  </reporter-output>
  <suite name="Suite" duration-ms="1285" started-at="2019-02-25T04:58:36Z" finished-at="2019-02-25T04:58:37Z">
    <groups>
    </groups>
    <test name="TestNG" duration-ms="1285" started-at="2019-02-25T04:58:36Z" finished-at="2019-02-25T04:58:37Z">
      <class name="Java_cucumber.Java_cucumber.Test">
        <test-method status="PASS" signature="getData()[pri:0, instance:Java_cucumber.Java_cucumber.Test@26be92ad]" name="getData" duration-ms="57" started-at="2019-02-25T04:58:37Z" finished-at="2019-02-25T04:58:37Z">
          <reporter-output>
          </reporter-output>
        </test-method> <!-- getData -->
      </class> <!-- Java_cucumber.Java_cucumber.Test -->
    </test> <!-- TestNG -->
  </suite> <!-- Suite -->
</testng-results>
